Command: vcs -full64 -R -sverilog -l vcs.log -ntb_opts uvm-1.1 
Doing common elaboration 
                         Chronologic VCS (TM)
       Version U-2023.03-SP2_Full64 -- Sun Jun 16 16:25:25 2024

                    Copyright (c) 1991 - 2023 Synopsys, Inc.
   This software and the associated documentation are proprietary to Synopsys,
 Inc. This software may only be used in accordance with the terms and conditions
 of a written license agreement with Synopsys, Inc. All other use, reproduction,
   or distribution of this software is strictly prohibited.  Licensed Products
     communicate with Synopsys servers for the purpose of providing software
    updates, detecting software piracy and verifying that customers are using
    Licensed Products in conformity with the applicable License Key for such
  Licensed Products. Synopsys will use information gathered in connection with
    this process to deliver software updates and pursue software pirates and
                                   infringers.

 Inclusivity & Diversity - Visit SolvNetPlus to read the "Synopsys Statement on
            Inclusivity and Diversity" (Refer to article 000036315 at
                        https://solvnetplus.synopsys.com)


Error-[TMENF-ILL] Top Module/Entity not found
  Top module/entity/config "" is not found in the following library list.
  Liblist: DEFAULT


Error-[NM] No modules defined
  No modules defined in current design file(s).  

2 errors
CPU time: .164 seconds to compile

 common elaboration failed
