
Warning-[DEBUG_DEP] Option will be deprecated
  The option '-debug_pp' will be deprecated in a future release.  Please use 
  '-debug_acc+pp+dmptf -debug_region+cell+encrypt' instead.

Command: vcs -full64 -sverilog -ntb_opts uvm-1.1 -debug_pp +vcs+vcdpluson +ntb_random_seed_automatic \
+incdir+../rtl/include/ +incdir+../testbench/ ../rtl/verilog/fault_sm.v ../rtl/verilog/generic_fifo_ctrl.v \
../rtl/verilog/generic_fifo.v ../rtl/verilog/generic_mem_medium.v ../rtl/verilog/generic_mem_small.v \
../rtl/verilog/meta_sync_single.v ../rtl/verilog/meta_sync.v ../rtl/verilog/rx_data_fifo.v \
../rtl/verilog/rx_dequeue.v ../rtl/verilog/rx_enqueue.v ../rtl/verilog/rx_hold_fifo.v \
../rtl/verilog/sync_clk_core.v ../rtl/verilog/sync_clk_wb.v ../rtl/verilog/sync_clk_xgmii_tx.v \
../rtl/verilog/tx_data_fifo.v ../rtl/verilog/tx_dequeue.v ../rtl/verilog/tx_enqueue.v \
../rtl/verilog/tx_hold_fifo.v ../rtl/verilog/wishbone_if.v ../rtl/verilog/xge_mac.v \
../testbench/testcase.sv ../testbench/testclass.sv ../testbench/xge_mac_tb_top.sv \
../testbench/xge_mac_interface.sv -top xge_mac_tb_top -l vcs.log
                         Chronologic VCS (TM)
       Version U-2023.03-SP2_Full64 -- Wed Jun 19 01:00:29 2024

                    Copyright (c) 1991 - 2023 Synopsys, Inc.
   This software and the associated documentation are proprietary to Synopsys,
 Inc. This software may only be used in accordance with the terms and conditions
 of a written license agreement with Synopsys, Inc. All other use, reproduction,
   or distribution of this software is strictly prohibited.  Licensed Products
     communicate with Synopsys servers for the purpose of providing software
    updates, detecting software piracy and verifying that customers are using
    Licensed Products in conformity with the applicable License Key for such
  Licensed Products. Synopsys will use information gathered in connection with
    this process to deliver software updates and pursue software pirates and
                                   infringers.

 Inclusivity & Diversity - Visit SolvNetPlus to read the "Synopsys Statement on
            Inclusivity and Diversity" (Refer to article 000036315 at
                        https://solvnetplus.synopsys.com)


Warning-[UNK_COMP_ARG] Unknown compile time plus argument used
  Unknown compile time plus argument 'ntb_random_seed_automatic' is ignored.

 + use `+plusarg_save' to bind in runtime plusargs;
 + use `+plusarg_ignore' to suppress this message.
Parsing design file '/usr/synopsys/vcs/U-2023.03-SP2//etc/uvm-1.1/uvm_pkg.sv'
Parsing included file '/usr/synopsys/vcs/U-2023.03-SP2//etc/uvm-1.1/uvm_macros.svh'.
Parsing included file '/usr/synopsys/vcs/U-2023.03-SP2//etc/uvm-1.1/macros/uvm_version_defines.svh'.
Back to file '/usr/synopsys/vcs/U-2023.03-SP2//etc/uvm-1.1/uvm_macros.svh'.
Parsing included file '/usr/synopsys/vcs/U-2023.03-SP2//etc/uvm-1.1/macros/snps_macros.svp'.
Back to file '/usr/synopsys/vcs/U-2023.03-SP2//etc/uvm-1.1/uvm_macros.svh'.
Parsing included file '/usr/synopsys/vcs/U-2023.03-SP2//etc/uvm-1.1/macros/uvm_message_defines.svh'.
Back to file '/usr/synopsys/vcs/U-2023.03-SP2//etc/uvm-1.1/uvm_macros.svh'.
Parsing included file '/usr/synopsys/vcs/U-2023.03-SP2//etc/uvm-1.1/macros/uvm_phase_defines.svh'.
Back to file '/usr/synopsys/vcs/U-2023.03-SP2//etc/uvm-1.1/uvm_macros.svh'.
Parsing included file '/usr/synopsys/vcs/U-2023.03-SP2//etc/uvm-1.1/macros/uvm_object_defines.svh'.
Back to file '/usr/synopsys/vcs/U-2023.03-SP2//etc/uvm-1.1/uvm_macros.svh'.
Parsing included file '/usr/synopsys/vcs/U-2023.03-SP2//etc/uvm-1.1/macros/uvm_printer_defines.svh'.
Back to file '/usr/synopsys/vcs/U-2023.03-SP2//etc/uvm-1.1/uvm_macros.svh'.
Parsing included file '/usr/synopsys/vcs/U-2023.03-SP2//etc/uvm-1.1/macros/uvm_tlm_defines.svh'.
Parsing included file '/usr/synopsys/vcs/U-2023.03-SP2//etc/uvm-1.1/tlm1/uvm_tlm_imps.svh'.
Back to file '/usr/synopsys/vcs/U-2023.03-SP2//etc/uvm-1.1/macros/uvm_tlm_defines.svh'.
Back to file '/usr/synopsys/vcs/U-2023.03-SP2//etc/uvm-1.1/uvm_macros.svh'.
Parsing included file '/usr/synopsys/vcs/U-2023.03-SP2//etc/uvm-1.1/macros/uvm_sequence_defines.svh'.
Back to file '/usr/synopsys/vcs/U-2023.03-SP2//etc/uvm-1.1/uvm_macros.svh'.
Parsing included file '/usr/synopsys/vcs/U-2023.03-SP2//etc/uvm-1.1/macros/uvm_callback_defines.svh'.
Back to file '/usr/synopsys/vcs/U-2023.03-SP2//etc/uvm-1.1/uvm_macros.svh'.
Parsing included file '/usr/synopsys/vcs/U-2023.03-SP2//etc/uvm-1.1/macros/uvm_reg_defines.svh'.
Back to file '/usr/synopsys/vcs/U-2023.03-SP2//etc/uvm-1.1/uvm_macros.svh'.
Parsing included file '/usr/synopsys/vcs/U-2023.03-SP2//etc/uvm-1.1/macros/uvm_deprecated_defines.svh'.
Back to file '/usr/synopsys/vcs/U-2023.03-SP2//etc/uvm-1.1/uvm_macros.svh'.
Back to file '/usr/synopsys/vcs/U-2023.03-SP2//etc/uvm-1.1/uvm_pkg.sv'.
Parsing included file '/usr/synopsys/vcs/U-2023.03-SP2//etc/uvm-1.1/directc/uvm_directc.svh'.
Parsing included file '/usr/synopsys/vcs/U-2023.03-SP2//etc/uvm-1.1/directc/uvm_seed.vh'.
Back to file '/usr/synopsys/vcs/U-2023.03-SP2//etc/uvm-1.1/directc/uvm_directc.svh'.
Back to file '/usr/synopsys/vcs/U-2023.03-SP2//etc/uvm-1.1/uvm_pkg.sv'.
Parsing included file '/usr/synopsys/vcs/U-2023.03-SP2//etc/uvm-1.1/dpi/uvm_dpi.svh'.
Parsing included file '/usr/synopsys/vcs/U-2023.03-SP2//etc/uvm-1.1/dpi/uvm_hdl.svh'.
Back to file '/usr/synopsys/vcs/U-2023.03-SP2//etc/uvm-1.1/dpi/uvm_dpi.svh'.
Parsing included file '/usr/synopsys/vcs/U-2023.03-SP2//etc/uvm-1.1/dpi/uvm_svcmd_dpi.svh'.
Back to file '/usr/synopsys/vcs/U-2023.03-SP2//etc/uvm-1.1/dpi/uvm_dpi.svh'.
Parsing included file '/usr/synopsys/vcs/U-2023.03-SP2//etc/uvm-1.1/dpi/uvm_regex.svh'.
Back to file '/usr/synopsys/vcs/U-2023.03-SP2//etc/uvm-1.1/dpi/uvm_dpi.svh'.
Back to file '/usr/synopsys/vcs/U-2023.03-SP2//etc/uvm-1.1/uvm_pkg.sv'.
Parsing included file '/usr/synopsys/vcs/U-2023.03-SP2//etc/uvm-1.1/base/uvm_base.svh'.
Parsing included file '/usr/synopsys/vcs/U-2023.03-SP2//etc/uvm-1.1/base/uvm_version.svh'.
Back to file '/usr/synopsys/vcs/U-2023.03-SP2//etc/uvm-1.1/base/uvm_base.svh'.
Parsing included file '/usr/synopsys/vcs/U-2023.03-SP2//etc/uvm-1.1/base/uvm_object_globals.svh'.
Back to file '/usr/synopsys/vcs/U-2023.03-SP2//etc/uvm-1.1/base/uvm_base.svh'.
Parsing included file '/usr/synopsys/vcs/U-2023.03-SP2//etc/uvm-1.1/base/uvm_misc.svh'.
Back to file '/usr/synopsys/vcs/U-2023.03-SP2//etc/uvm-1.1/base/uvm_base.svh'.
Parsing included file '/usr/synopsys/vcs/U-2023.03-SP2//etc/uvm-1.1/base/uvm_object.svh'.
Back to file '/usr/synopsys/vcs/U-2023.03-SP2//etc/uvm-1.1/base/uvm_base.svh'.
Parsing included file '/usr/synopsys/vcs/U-2023.03-SP2//etc/uvm-1.1/base/uvm_pool.svh'.
Back to file '/usr/synopsys/vcs/U-2023.03-SP2//etc/uvm-1.1/base/uvm_base.svh'.
Parsing included file '/usr/synopsys/vcs/U-2023.03-SP2//etc/uvm-1.1/base/uvm_queue.svh'.
Back to file '/usr/synopsys/vcs/U-2023.03-SP2//etc/uvm-1.1/base/uvm_base.svh'.
Parsing included file '/usr/synopsys/vcs/U-2023.03-SP2//etc/uvm-1.1/base/uvm_factory.svh'.
Back to file '/usr/synopsys/vcs/U-2023.03-SP2//etc/uvm-1.1/base/uvm_base.svh'.
Parsing included file '/usr/synopsys/vcs/U-2023.03-SP2//etc/uvm-1.1/base/uvm_registry.svh'.
Back to file '/usr/synopsys/vcs/U-2023.03-SP2//etc/uvm-1.1/base/uvm_base.svh'.
Parsing included file '/usr/synopsys/vcs/U-2023.03-SP2//etc/uvm-1.1/base/uvm_spell_chkr.svh'.
Back to file '/usr/synopsys/vcs/U-2023.03-SP2//etc/uvm-1.1/base/uvm_base.svh'.
Parsing included file '/usr/synopsys/vcs/U-2023.03-SP2//etc/uvm-1.1/base/uvm_resource.svh'.
Back to file '/usr/synopsys/vcs/U-2023.03-SP2//etc/uvm-1.1/base/uvm_base.svh'.
Parsing included file '/usr/synopsys/vcs/U-2023.03-SP2//etc/uvm-1.1/deprecated/uvm_resource_converter.svh'.
Back to file '/usr/synopsys/vcs/U-2023.03-SP2//etc/uvm-1.1/base/uvm_base.svh'.
Parsing included file '/usr/synopsys/vcs/U-2023.03-SP2//etc/uvm-1.1/base/uvm_resource_specializations.svh'.
Back to file '/usr/synopsys/vcs/U-2023.03-SP2//etc/uvm-1.1/base/uvm_base.svh'.
Parsing included file '/usr/synopsys/vcs/U-2023.03-SP2//etc/uvm-1.1/base/uvm_resource_db.svh'.
Back to file '/usr/synopsys/vcs/U-2023.03-SP2//etc/uvm-1.1/base/uvm_base.svh'.
Parsing included file '/usr/synopsys/vcs/U-2023.03-SP2//etc/uvm-1.1/base/uvm_config_db.svh'.
Back to file '/usr/synopsys/vcs/U-2023.03-SP2//etc/uvm-1.1/base/uvm_base.svh'.
Parsing included file '/usr/synopsys/vcs/U-2023.03-SP2//etc/uvm-1.1/base/uvm_printer.svh'.
Back to file '/usr/synopsys/vcs/U-2023.03-SP2//etc/uvm-1.1/base/uvm_base.svh'.
Parsing included file '/usr/synopsys/vcs/U-2023.03-SP2//etc/uvm-1.1/base/uvm_comparer.svh'.
Back to file '/usr/synopsys/vcs/U-2023.03-SP2//etc/uvm-1.1/base/uvm_base.svh'.
Parsing included file '/usr/synopsys/vcs/U-2023.03-SP2//etc/uvm-1.1/base/uvm_packer.svh'.
Back to file '/usr/synopsys/vcs/U-2023.03-SP2//etc/uvm-1.1/base/uvm_base.svh'.
Parsing included file '/usr/synopsys/vcs/U-2023.03-SP2//etc/uvm-1.1/base/uvm_recorder.svh'.
Back to file '/usr/synopsys/vcs/U-2023.03-SP2//etc/uvm-1.1/base/uvm_base.svh'.
Parsing included file '/usr/synopsys/vcs/U-2023.03-SP2//etc/uvm-1.1/base/uvm_event_callback.svh'.
Back to file '/usr/synopsys/vcs/U-2023.03-SP2//etc/uvm-1.1/base/uvm_base.svh'.
Parsing included file '/usr/synopsys/vcs/U-2023.03-SP2//etc/uvm-1.1/base/uvm_event.svh'.
Back to file '/usr/synopsys/vcs/U-2023.03-SP2//etc/uvm-1.1/base/uvm_base.svh'.
Parsing included file '/usr/synopsys/vcs/U-2023.03-SP2//etc/uvm-1.1/base/uvm_barrier.svh'.
Back to file '/usr/synopsys/vcs/U-2023.03-SP2//etc/uvm-1.1/base/uvm_base.svh'.
Parsing included file '/usr/synopsys/vcs/U-2023.03-SP2//etc/uvm-1.1/base/uvm_callback.svh'.
Parsing included file '/usr/synopsys/vcs/U-2023.03-SP2//etc/uvm-1.1/uvm_macros.svh'.
Back to file '/usr/synopsys/vcs/U-2023.03-SP2//etc/uvm-1.1/base/uvm_callback.svh'.
Back to file '/usr/synopsys/vcs/U-2023.03-SP2//etc/uvm-1.1/base/uvm_base.svh'.
Parsing included file '/usr/synopsys/vcs/U-2023.03-SP2//etc/uvm-1.1/base/uvm_report_catcher.svh'.
Back to file '/usr/synopsys/vcs/U-2023.03-SP2//etc/uvm-1.1/base/uvm_base.svh'.
Parsing included file '/usr/synopsys/vcs/U-2023.03-SP2//etc/uvm-1.1/base/uvm_report_server.svh'.
Back to file '/usr/synopsys/vcs/U-2023.03-SP2//etc/uvm-1.1/base/uvm_base.svh'.
Parsing included file '/usr/synopsys/vcs/U-2023.03-SP2//etc/uvm-1.1/base/uvm_report_handler.svh'.
Back to file '/usr/synopsys/vcs/U-2023.03-SP2//etc/uvm-1.1/base/uvm_base.svh'.
Parsing included file '/usr/synopsys/vcs/U-2023.03-SP2//etc/uvm-1.1/base/uvm_report_object.svh'.
Back to file '/usr/synopsys/vcs/U-2023.03-SP2//etc/uvm-1.1/base/uvm_base.svh'.
Parsing included file '/usr/synopsys/vcs/U-2023.03-SP2//etc/uvm-1.1/base/uvm_transaction.svh'.
Back to file '/usr/synopsys/vcs/U-2023.03-SP2//etc/uvm-1.1/base/uvm_base.svh'.
Parsing included file '/usr/synopsys/vcs/U-2023.03-SP2//etc/uvm-1.1/base/uvm_phase.svh'.
Back to file '/usr/synopsys/vcs/U-2023.03-SP2//etc/uvm-1.1/base/uvm_base.svh'.
Parsing included file '/usr/synopsys/vcs/U-2023.03-SP2//etc/uvm-1.1/base/uvm_domain.svh'.
Back to file '/usr/synopsys/vcs/U-2023.03-SP2//etc/uvm-1.1/base/uvm_base.svh'.
Parsing included file '/usr/synopsys/vcs/U-2023.03-SP2//etc/uvm-1.1/base/uvm_bottomup_phase.svh'.
Back to file '/usr/synopsys/vcs/U-2023.03-SP2//etc/uvm-1.1/base/uvm_base.svh'.
Parsing included file '/usr/synopsys/vcs/U-2023.03-SP2//etc/uvm-1.1/base/uvm_topdown_phase.svh'.
Back to file '/usr/synopsys/vcs/U-2023.03-SP2//etc/uvm-1.1/base/uvm_base.svh'.
Parsing included file '/usr/synopsys/vcs/U-2023.03-SP2//etc/uvm-1.1/base/uvm_task_phase.svh'.
Back to file '/usr/synopsys/vcs/U-2023.03-SP2//etc/uvm-1.1/base/uvm_base.svh'.
Parsing included file '/usr/synopsys/vcs/U-2023.03-SP2//etc/uvm-1.1/base/uvm_common_phases.svh'.
Back to file '/usr/synopsys/vcs/U-2023.03-SP2//etc/uvm-1.1/base/uvm_base.svh'.
Parsing included file '/usr/synopsys/vcs/U-2023.03-SP2//etc/uvm-1.1/base/uvm_runtime_phases.svh'.
Back to file '/usr/synopsys/vcs/U-2023.03-SP2//etc/uvm-1.1/base/uvm_base.svh'.
Parsing included file '/usr/synopsys/vcs/U-2023.03-SP2//etc/uvm-1.1/base/uvm_component.svh'.
Parsing included file '/usr/synopsys/vcs/U-2023.03-SP2//etc/uvm-1.1/base/uvm_root.svh'.
Back to file '/usr/synopsys/vcs/U-2023.03-SP2//etc/uvm-1.1/base/uvm_component.svh'.
Back to file '/usr/synopsys/vcs/U-2023.03-SP2//etc/uvm-1.1/base/uvm_base.svh'.
Parsing included file '/usr/synopsys/vcs/U-2023.03-SP2//etc/uvm-1.1/base/uvm_objection.svh'.
Back to file '/usr/synopsys/vcs/U-2023.03-SP2//etc/uvm-1.1/base/uvm_base.svh'.
Parsing included file '/usr/synopsys/vcs/U-2023.03-SP2//etc/uvm-1.1/base/uvm_heartbeat.svh'.
Back to file '/usr/synopsys/vcs/U-2023.03-SP2//etc/uvm-1.1/base/uvm_base.svh'.
Parsing included file '/usr/synopsys/vcs/U-2023.03-SP2//etc/uvm-1.1/base/uvm_globals.svh'.
Back to file '/usr/synopsys/vcs/U-2023.03-SP2//etc/uvm-1.1/base/uvm_base.svh'.
Parsing included file '/usr/synopsys/vcs/U-2023.03-SP2//etc/uvm-1.1/base/uvm_cmdline_processor.svh'.
Back to file '/usr/synopsys/vcs/U-2023.03-SP2//etc/uvm-1.1/base/uvm_base.svh'.
Back to file '/usr/synopsys/vcs/U-2023.03-SP2//etc/uvm-1.1/uvm_pkg.sv'.
Parsing included file '/usr/synopsys/vcs/U-2023.03-SP2//etc/uvm-1.1/tlm1/uvm_tlm.svh'.
Parsing included file '/usr/synopsys/vcs/U-2023.03-SP2//etc/uvm-1.1/tlm1/uvm_tlm_ifs.svh'.
Back to file '/usr/synopsys/vcs/U-2023.03-SP2//etc/uvm-1.1/tlm1/uvm_tlm.svh'.
Parsing included file '/usr/synopsys/vcs/U-2023.03-SP2//etc/uvm-1.1/tlm1/uvm_sqr_ifs.svh'.
Back to file '/usr/synopsys/vcs/U-2023.03-SP2//etc/uvm-1.1/tlm1/uvm_tlm.svh'.
Parsing included file '/usr/synopsys/vcs/U-2023.03-SP2//etc/uvm-1.1/base/uvm_port_base.svh'.
Back to file '/usr/synopsys/vcs/U-2023.03-SP2//etc/uvm-1.1/tlm1/uvm_tlm.svh'.
Parsing included file '/usr/synopsys/vcs/U-2023.03-SP2//etc/uvm-1.1/tlm1/uvm_tlm_imps.svh'.
Back to file '/usr/synopsys/vcs/U-2023.03-SP2//etc/uvm-1.1/tlm1/uvm_tlm.svh'.
Parsing included file '/usr/synopsys/vcs/U-2023.03-SP2//etc/uvm-1.1/tlm1/uvm_imps.svh'.
Back to file '/usr/synopsys/vcs/U-2023.03-SP2//etc/uvm-1.1/tlm1/uvm_tlm.svh'.
Parsing included file '/usr/synopsys/vcs/U-2023.03-SP2//etc/uvm-1.1/tlm1/uvm_ports.svh'.
Back to file '/usr/synopsys/vcs/U-2023.03-SP2//etc/uvm-1.1/tlm1/uvm_tlm.svh'.
Parsing included file '/usr/synopsys/vcs/U-2023.03-SP2//etc/uvm-1.1/tlm1/uvm_exports.svh'.
Back to file '/usr/synopsys/vcs/U-2023.03-SP2//etc/uvm-1.1/tlm1/uvm_tlm.svh'.
Parsing included file '/usr/synopsys/vcs/U-2023.03-SP2//etc/uvm-1.1/tlm1/uvm_analysis_port.svh'.
Back to file '/usr/synopsys/vcs/U-2023.03-SP2//etc/uvm-1.1/tlm1/uvm_tlm.svh'.
Parsing included file '/usr/synopsys/vcs/U-2023.03-SP2//etc/uvm-1.1/tlm1/uvm_tlm_fifo_base.svh'.
Back to file '/usr/synopsys/vcs/U-2023.03-SP2//etc/uvm-1.1/tlm1/uvm_tlm.svh'.
Parsing included file '/usr/synopsys/vcs/U-2023.03-SP2//etc/uvm-1.1/tlm1/uvm_tlm_fifos.svh'.
Back to file '/usr/synopsys/vcs/U-2023.03-SP2//etc/uvm-1.1/tlm1/uvm_tlm.svh'.
Parsing included file '/usr/synopsys/vcs/U-2023.03-SP2//etc/uvm-1.1/tlm1/uvm_tlm_req_rsp.svh'.
Back to file '/usr/synopsys/vcs/U-2023.03-SP2//etc/uvm-1.1/tlm1/uvm_tlm.svh'.
Parsing included file '/usr/synopsys/vcs/U-2023.03-SP2//etc/uvm-1.1/tlm1/uvm_sqr_connections.svh'.
Back to file '/usr/synopsys/vcs/U-2023.03-SP2//etc/uvm-1.1/tlm1/uvm_tlm.svh'.
Back to file '/usr/synopsys/vcs/U-2023.03-SP2//etc/uvm-1.1/uvm_pkg.sv'.
Parsing included file '/usr/synopsys/vcs/U-2023.03-SP2//etc/uvm-1.1/comps/uvm_comps.svh'.
Parsing included file '/usr/synopsys/vcs/U-2023.03-SP2//etc/uvm-1.1/comps/uvm_pair.svh'.
Back to file '/usr/synopsys/vcs/U-2023.03-SP2//etc/uvm-1.1/comps/uvm_comps.svh'.
Parsing included file '/usr/synopsys/vcs/U-2023.03-SP2//etc/uvm-1.1/comps/uvm_policies.svh'.
Back to file '/usr/synopsys/vcs/U-2023.03-SP2//etc/uvm-1.1/comps/uvm_comps.svh'.
Parsing included file '/usr/synopsys/vcs/U-2023.03-SP2//etc/uvm-1.1/comps/uvm_in_order_comparator.svh'.
Back to file '/usr/synopsys/vcs/U-2023.03-SP2//etc/uvm-1.1/comps/uvm_comps.svh'.
Parsing included file '/usr/synopsys/vcs/U-2023.03-SP2//etc/uvm-1.1/comps/uvm_algorithmic_comparator.svh'.
Back to file '/usr/synopsys/vcs/U-2023.03-SP2//etc/uvm-1.1/comps/uvm_comps.svh'.
Parsing included file '/usr/synopsys/vcs/U-2023.03-SP2//etc/uvm-1.1/comps/uvm_random_stimulus.svh'.
Back to file '/usr/synopsys/vcs/U-2023.03-SP2//etc/uvm-1.1/comps/uvm_comps.svh'.
Parsing included file '/usr/synopsys/vcs/U-2023.03-SP2//etc/uvm-1.1/comps/uvm_subscriber.svh'.
Back to file '/usr/synopsys/vcs/U-2023.03-SP2//etc/uvm-1.1/comps/uvm_comps.svh'.
Parsing included file '/usr/synopsys/vcs/U-2023.03-SP2//etc/uvm-1.1/comps/uvm_monitor.svh'.
Back to file '/usr/synopsys/vcs/U-2023.03-SP2//etc/uvm-1.1/comps/uvm_comps.svh'.
Parsing included file '/usr/synopsys/vcs/U-2023.03-SP2//etc/uvm-1.1/comps/uvm_driver.svh'.
Back to file '/usr/synopsys/vcs/U-2023.03-SP2//etc/uvm-1.1/comps/uvm_comps.svh'.
Parsing included file '/usr/synopsys/vcs/U-2023.03-SP2//etc/uvm-1.1/comps/uvm_push_driver.svh'.
Back to file '/usr/synopsys/vcs/U-2023.03-SP2//etc/uvm-1.1/comps/uvm_comps.svh'.
Parsing included file '/usr/synopsys/vcs/U-2023.03-SP2//etc/uvm-1.1/comps/uvm_scoreboard.svh'.
Back to file '/usr/synopsys/vcs/U-2023.03-SP2//etc/uvm-1.1/comps/uvm_comps.svh'.
Parsing included file '/usr/synopsys/vcs/U-2023.03-SP2//etc/uvm-1.1/comps/uvm_agent.svh'.
Back to file '/usr/synopsys/vcs/U-2023.03-SP2//etc/uvm-1.1/comps/uvm_comps.svh'.
Parsing included file '/usr/synopsys/vcs/U-2023.03-SP2//etc/uvm-1.1/comps/uvm_env.svh'.
Back to file '/usr/synopsys/vcs/U-2023.03-SP2//etc/uvm-1.1/comps/uvm_comps.svh'.
Parsing included file '/usr/synopsys/vcs/U-2023.03-SP2//etc/uvm-1.1/comps/uvm_test.svh'.
Back to file '/usr/synopsys/vcs/U-2023.03-SP2//etc/uvm-1.1/comps/uvm_comps.svh'.
Back to file '/usr/synopsys/vcs/U-2023.03-SP2//etc/uvm-1.1/uvm_pkg.sv'.
Parsing included file '/usr/synopsys/vcs/U-2023.03-SP2//etc/uvm-1.1/seq/uvm_seq.svh'.
Parsing included file '/usr/synopsys/vcs/U-2023.03-SP2//etc/uvm-1.1/seq/uvm_sequence_item.svh'.
Back to file '/usr/synopsys/vcs/U-2023.03-SP2//etc/uvm-1.1/seq/uvm_seq.svh'.
Parsing included file '/usr/synopsys/vcs/U-2023.03-SP2//etc/uvm-1.1/seq/uvm_sequencer_base.svh'.
Back to file '/usr/synopsys/vcs/U-2023.03-SP2//etc/uvm-1.1/seq/uvm_seq.svh'.
Parsing included file '/usr/synopsys/vcs/U-2023.03-SP2//etc/uvm-1.1/seq/uvm_sequencer_analysis_fifo.svh'.
Back to file '/usr/synopsys/vcs/U-2023.03-SP2//etc/uvm-1.1/seq/uvm_seq.svh'.
Parsing included file '/usr/synopsys/vcs/U-2023.03-SP2//etc/uvm-1.1/seq/uvm_sequencer_param_base.svh'.
Back to file '/usr/synopsys/vcs/U-2023.03-SP2//etc/uvm-1.1/seq/uvm_seq.svh'.
Parsing included file '/usr/synopsys/vcs/U-2023.03-SP2//etc/uvm-1.1/seq/uvm_sequencer.svh'.
Back to file '/usr/synopsys/vcs/U-2023.03-SP2//etc/uvm-1.1/seq/uvm_seq.svh'.
Parsing included file '/usr/synopsys/vcs/U-2023.03-SP2//etc/uvm-1.1/seq/uvm_push_sequencer.svh'.
Back to file '/usr/synopsys/vcs/U-2023.03-SP2//etc/uvm-1.1/seq/uvm_seq.svh'.
Parsing included file '/usr/synopsys/vcs/U-2023.03-SP2//etc/uvm-1.1/seq/uvm_sequence_base.svh'.
Back to file '/usr/synopsys/vcs/U-2023.03-SP2//etc/uvm-1.1/seq/uvm_seq.svh'.
Parsing included file '/usr/synopsys/vcs/U-2023.03-SP2//etc/uvm-1.1/seq/uvm_sequence.svh'.
Back to file '/usr/synopsys/vcs/U-2023.03-SP2//etc/uvm-1.1/seq/uvm_seq.svh'.
Parsing included file '/usr/synopsys/vcs/U-2023.03-SP2//etc/uvm-1.1/seq/uvm_sequence_library.svh'.
Back to file '/usr/synopsys/vcs/U-2023.03-SP2//etc/uvm-1.1/seq/uvm_seq.svh'.
Parsing included file '/usr/synopsys/vcs/U-2023.03-SP2//etc/uvm-1.1/seq/uvm_sequence_builtin.svh'.
Back to file '/usr/synopsys/vcs/U-2023.03-SP2//etc/uvm-1.1/seq/uvm_seq.svh'.
Back to file '/usr/synopsys/vcs/U-2023.03-SP2//etc/uvm-1.1/uvm_pkg.sv'.
Parsing included file '/usr/synopsys/vcs/U-2023.03-SP2//etc/uvm-1.1/tlm2/uvm_tlm2.svh'.
Parsing included file '/usr/synopsys/vcs/U-2023.03-SP2//etc/uvm-1.1/tlm2/uvm_tlm2_defines.svh'.
Back to file '/usr/synopsys/vcs/U-2023.03-SP2//etc/uvm-1.1/tlm2/uvm_tlm2.svh'.
Parsing included file '/usr/synopsys/vcs/U-2023.03-SP2//etc/uvm-1.1/tlm2/uvm_tlm2_time.svh'.
Back to file '/usr/synopsys/vcs/U-2023.03-SP2//etc/uvm-1.1/tlm2/uvm_tlm2.svh'.
Parsing included file '/usr/synopsys/vcs/U-2023.03-SP2//etc/uvm-1.1/tlm2/uvm_tlm2_generic_payload.svh'.
Back to file '/usr/synopsys/vcs/U-2023.03-SP2//etc/uvm-1.1/tlm2/uvm_tlm2.svh'.
Parsing included file '/usr/synopsys/vcs/U-2023.03-SP2//etc/uvm-1.1/tlm2/uvm_tlm2_ifs.svh'.
Back to file '/usr/synopsys/vcs/U-2023.03-SP2//etc/uvm-1.1/tlm2/uvm_tlm2.svh'.
Parsing included file '/usr/synopsys/vcs/U-2023.03-SP2//etc/uvm-1.1/tlm2/uvm_tlm2_imps.svh'.
Back to file '/usr/synopsys/vcs/U-2023.03-SP2//etc/uvm-1.1/tlm2/uvm_tlm2.svh'.
Parsing included file '/usr/synopsys/vcs/U-2023.03-SP2//etc/uvm-1.1/tlm2/uvm_tlm2_ports.svh'.
Back to file '/usr/synopsys/vcs/U-2023.03-SP2//etc/uvm-1.1/tlm2/uvm_tlm2.svh'.
Parsing included file '/usr/synopsys/vcs/U-2023.03-SP2//etc/uvm-1.1/tlm2/uvm_tlm2_exports.svh'.
Back to file '/usr/synopsys/vcs/U-2023.03-SP2//etc/uvm-1.1/tlm2/uvm_tlm2.svh'.
Parsing included file '/usr/synopsys/vcs/U-2023.03-SP2//etc/uvm-1.1/tlm2/uvm_tlm2_sockets_base.svh'.
Back to file '/usr/synopsys/vcs/U-2023.03-SP2//etc/uvm-1.1/tlm2/uvm_tlm2.svh'.
Parsing included file '/usr/synopsys/vcs/U-2023.03-SP2//etc/uvm-1.1/tlm2/uvm_tlm2_sockets.svh'.
Back to file '/usr/synopsys/vcs/U-2023.03-SP2//etc/uvm-1.1/tlm2/uvm_tlm2.svh'.
Back to file '/usr/synopsys/vcs/U-2023.03-SP2//etc/uvm-1.1/uvm_pkg.sv'.
Parsing included file '/usr/synopsys/vcs/U-2023.03-SP2//etc/uvm-1.1/reg/uvm_reg_model.svh'.
Parsing included file '/usr/synopsys/vcs/U-2023.03-SP2//etc/uvm-1.1/reg/uvm_reg_item.svh'.
Back to file '/usr/synopsys/vcs/U-2023.03-SP2//etc/uvm-1.1/reg/uvm_reg_model.svh'.
Parsing included file '/usr/synopsys/vcs/U-2023.03-SP2//etc/uvm-1.1/reg/uvm_reg_adapter.svh'.
Back to file '/usr/synopsys/vcs/U-2023.03-SP2//etc/uvm-1.1/reg/uvm_reg_model.svh'.
Parsing included file '/usr/synopsys/vcs/U-2023.03-SP2//etc/uvm-1.1/reg/uvm_reg_predictor.svh'.
Back to file '/usr/synopsys/vcs/U-2023.03-SP2//etc/uvm-1.1/reg/uvm_reg_model.svh'.
Parsing included file '/usr/synopsys/vcs/U-2023.03-SP2//etc/uvm-1.1/reg/uvm_reg_sequence.svh'.
Back to file '/usr/synopsys/vcs/U-2023.03-SP2//etc/uvm-1.1/reg/uvm_reg_model.svh'.
Parsing included file '/usr/synopsys/vcs/U-2023.03-SP2//etc/uvm-1.1/reg/uvm_reg_cbs.svh'.
Back to file '/usr/synopsys/vcs/U-2023.03-SP2//etc/uvm-1.1/reg/uvm_reg_model.svh'.
Parsing included file '/usr/synopsys/vcs/U-2023.03-SP2//etc/uvm-1.1/reg/uvm_reg_backdoor.svh'.
Back to file '/usr/synopsys/vcs/U-2023.03-SP2//etc/uvm-1.1/reg/uvm_reg_model.svh'.
Parsing included file '/usr/synopsys/vcs/U-2023.03-SP2//etc/uvm-1.1/reg/uvm_reg_field.svh'.
Back to file '/usr/synopsys/vcs/U-2023.03-SP2//etc/uvm-1.1/reg/uvm_reg_model.svh'.
Parsing included file '/usr/synopsys/vcs/U-2023.03-SP2//etc/uvm-1.1/reg/uvm_vreg_field.svh'.
Back to file '/usr/synopsys/vcs/U-2023.03-SP2//etc/uvm-1.1/reg/uvm_reg_model.svh'.
Parsing included file '/usr/synopsys/vcs/U-2023.03-SP2//etc/uvm-1.1/reg/uvm_reg.svh'.
Back to file '/usr/synopsys/vcs/U-2023.03-SP2//etc/uvm-1.1/reg/uvm_reg_model.svh'.
Parsing included file '/usr/synopsys/vcs/U-2023.03-SP2//etc/uvm-1.1/reg/uvm_reg_indirect.svh'.
Back to file '/usr/synopsys/vcs/U-2023.03-SP2//etc/uvm-1.1/reg/uvm_reg_model.svh'.
Parsing included file '/usr/synopsys/vcs/U-2023.03-SP2//etc/uvm-1.1/reg/uvm_reg_fifo.svh'.
Back to file '/usr/synopsys/vcs/U-2023.03-SP2//etc/uvm-1.1/reg/uvm_reg_model.svh'.
Parsing included file '/usr/synopsys/vcs/U-2023.03-SP2//etc/uvm-1.1/reg/uvm_reg_file.svh'.
Back to file '/usr/synopsys/vcs/U-2023.03-SP2//etc/uvm-1.1/reg/uvm_reg_model.svh'.
Parsing included file '/usr/synopsys/vcs/U-2023.03-SP2//etc/uvm-1.1/reg/uvm_mem_mam.svh'.
Back to file '/usr/synopsys/vcs/U-2023.03-SP2//etc/uvm-1.1/reg/uvm_reg_model.svh'.
Parsing included file '/usr/synopsys/vcs/U-2023.03-SP2//etc/uvm-1.1/reg/uvm_vreg.svh'.
Back to file '/usr/synopsys/vcs/U-2023.03-SP2//etc/uvm-1.1/reg/uvm_reg_model.svh'.
Parsing included file '/usr/synopsys/vcs/U-2023.03-SP2//etc/uvm-1.1/reg/uvm_mem.svh'.
Back to file '/usr/synopsys/vcs/U-2023.03-SP2//etc/uvm-1.1/reg/uvm_reg_model.svh'.
Parsing included file '/usr/synopsys/vcs/U-2023.03-SP2//etc/uvm-1.1/reg/uvm_reg_map.svh'.
Back to file '/usr/synopsys/vcs/U-2023.03-SP2//etc/uvm-1.1/reg/uvm_reg_model.svh'.
Parsing included file '/usr/synopsys/vcs/U-2023.03-SP2//etc/uvm-1.1/reg/uvm_reg_block.svh'.
Back to file '/usr/synopsys/vcs/U-2023.03-SP2//etc/uvm-1.1/reg/uvm_reg_model.svh'.
Parsing included file '/usr/synopsys/vcs/U-2023.03-SP2//etc/uvm-1.1/reg/sequences/uvm_reg_hw_reset_seq.svh'.
Back to file '/usr/synopsys/vcs/U-2023.03-SP2//etc/uvm-1.1/reg/uvm_reg_model.svh'.
Parsing included file '/usr/synopsys/vcs/U-2023.03-SP2//etc/uvm-1.1/reg/sequences/uvm_reg_bit_bash_seq.svh'.
Back to file '/usr/synopsys/vcs/U-2023.03-SP2//etc/uvm-1.1/reg/uvm_reg_model.svh'.
Parsing included file '/usr/synopsys/vcs/U-2023.03-SP2//etc/uvm-1.1/reg/sequences/uvm_mem_walk_seq.svh'.
Back to file '/usr/synopsys/vcs/U-2023.03-SP2//etc/uvm-1.1/reg/uvm_reg_model.svh'.
Parsing included file '/usr/synopsys/vcs/U-2023.03-SP2//etc/uvm-1.1/reg/sequences/uvm_mem_access_seq.svh'.
Back to file '/usr/synopsys/vcs/U-2023.03-SP2//etc/uvm-1.1/reg/uvm_reg_model.svh'.
Parsing included file '/usr/synopsys/vcs/U-2023.03-SP2//etc/uvm-1.1/reg/sequences/uvm_reg_access_seq.svh'.
Back to file '/usr/synopsys/vcs/U-2023.03-SP2//etc/uvm-1.1/reg/uvm_reg_model.svh'.
Parsing included file '/usr/synopsys/vcs/U-2023.03-SP2//etc/uvm-1.1/reg/sequences/uvm_reg_mem_shared_access_seq.svh'.
Back to file '/usr/synopsys/vcs/U-2023.03-SP2//etc/uvm-1.1/reg/uvm_reg_model.svh'.
Parsing included file '/usr/synopsys/vcs/U-2023.03-SP2//etc/uvm-1.1/reg/sequences/uvm_reg_mem_built_in_seq.svh'.
Back to file '/usr/synopsys/vcs/U-2023.03-SP2//etc/uvm-1.1/reg/uvm_reg_model.svh'.
Parsing included file '/usr/synopsys/vcs/U-2023.03-SP2//etc/uvm-1.1/reg/sequences/uvm_reg_mem_hdl_paths_seq.svh'.
Back to file '/usr/synopsys/vcs/U-2023.03-SP2//etc/uvm-1.1/reg/uvm_reg_model.svh'.
Parsing included file '/usr/synopsys/vcs/U-2023.03-SP2//etc/uvm-1.1/reg/snps_uvm_reg_bank.svh'.
Back to file '/usr/synopsys/vcs/U-2023.03-SP2//etc/uvm-1.1/reg/uvm_reg_model.svh'.
Back to file '/usr/synopsys/vcs/U-2023.03-SP2//etc/uvm-1.1/uvm_pkg.sv'.
Parsing included file '/usr/synopsys/vcs/U-2023.03-SP2//etc/uvm-1.1/vcs/vcs_uvm_alt.sv'.
Back to file '/usr/synopsys/vcs/U-2023.03-SP2//etc/uvm-1.1/uvm_pkg.sv'.
Parsing design file '/usr/synopsys/vcs/U-2023.03-SP2//etc/uvm-1.1/vcs/uvm_custom_install_vcs_recorder.sv'
Parsing included file '/usr/synopsys/vcs/U-2023.03-SP2//etc/uvm-1.1/vcs/msglog.svh'.
Back to file '/usr/synopsys/vcs/U-2023.03-SP2//etc/uvm-1.1/vcs/uvm_custom_install_vcs_recorder.sv'.
Parsing included file '/usr/synopsys/vcs/U-2023.03-SP2//etc/uvm-1.1/vcs/uvm_msglog_report_server.sv'.
Back to file '/usr/synopsys/vcs/U-2023.03-SP2//etc/uvm-1.1/vcs/uvm_custom_install_vcs_recorder.sv'.
Parsing included file '/usr/synopsys/vcs/U-2023.03-SP2//etc/uvm-1.1/vcs/uvm_vcs_recorder.svh'.
Back to file '/usr/synopsys/vcs/U-2023.03-SP2//etc/uvm-1.1/vcs/uvm_custom_install_vcs_recorder.sv'.
Parsing included file '/usr/synopsys/vcs/U-2023.03-SP2//etc/uvm-1.1/vcs/uvm_vcs_record_interface.sv'.
Back to file '/usr/synopsys/vcs/U-2023.03-SP2//etc/uvm-1.1/vcs/uvm_custom_install_vcs_recorder.sv'.
Parsing design file '../rtl/verilog/fault_sm.v'
Parsing included file '../rtl/include/defines.v'.
Back to file '../rtl/verilog/fault_sm.v'.
Parsing design file '../rtl/verilog/generic_fifo_ctrl.v'
Parsing design file '../rtl/verilog/generic_fifo.v'
Parsing included file '../rtl/include/defines.v'.
Back to file '../rtl/verilog/generic_fifo.v'.
Parsing design file '../rtl/verilog/generic_mem_medium.v'
Parsing design file '../rtl/verilog/generic_mem_small.v'
Parsing design file '../rtl/verilog/meta_sync_single.v'
Parsing design file '../rtl/verilog/meta_sync.v'
Parsing design file '../rtl/verilog/rx_data_fifo.v'
Parsing included file '../rtl/include/defines.v'.
Back to file '../rtl/verilog/rx_data_fifo.v'.
Parsing design file '../rtl/verilog/rx_dequeue.v'
Parsing included file '../rtl/include/defines.v'.
Back to file '../rtl/verilog/rx_dequeue.v'.
Parsing design file '../rtl/verilog/rx_enqueue.v'
Parsing included file '../rtl/include/defines.v'.
Back to file '../rtl/verilog/rx_enqueue.v'.
Parsing included file '../rtl/include/CRC32_D64.v'.
Back to file '../rtl/verilog/rx_enqueue.v'.
Parsing included file '../rtl/include/CRC32_D8.v'.
Back to file '../rtl/verilog/rx_enqueue.v'.
Parsing included file '../rtl/include/utils.v'.
Back to file '../rtl/verilog/rx_enqueue.v'.
Parsing design file '../rtl/verilog/rx_hold_fifo.v'
Parsing included file '../rtl/include/defines.v'.
Back to file '../rtl/verilog/rx_hold_fifo.v'.
Parsing design file '../rtl/verilog/sync_clk_core.v'
Parsing included file '../rtl/include/defines.v'.
Back to file '../rtl/verilog/sync_clk_core.v'.
Parsing design file '../rtl/verilog/sync_clk_wb.v'
Parsing included file '../rtl/include/defines.v'.
Back to file '../rtl/verilog/sync_clk_wb.v'.
Parsing design file '../rtl/verilog/sync_clk_xgmii_tx.v'
Parsing included file '../rtl/include/defines.v'.
Back to file '../rtl/verilog/sync_clk_xgmii_tx.v'.
Parsing design file '../rtl/verilog/tx_data_fifo.v'
Parsing included file '../rtl/include/defines.v'.
Back to file '../rtl/verilog/tx_data_fifo.v'.
Parsing design file '../rtl/verilog/tx_dequeue.v'
Parsing included file '../rtl/include/defines.v'.
Back to file '../rtl/verilog/tx_dequeue.v'.
Parsing included file '../rtl/include/CRC32_D64.v'.
Back to file '../rtl/verilog/tx_dequeue.v'.
Parsing included file '../rtl/include/CRC32_D8.v'.
Back to file '../rtl/verilog/tx_dequeue.v'.
Parsing included file '../rtl/include/utils.v'.
Back to file '../rtl/verilog/tx_dequeue.v'.
Parsing design file '../rtl/verilog/tx_enqueue.v'
Parsing included file '../rtl/include/defines.v'.
Back to file '../rtl/verilog/tx_enqueue.v'.
Parsing included file '../rtl/include/CRC32_D64.v'.
Back to file '../rtl/verilog/tx_enqueue.v'.
Parsing included file '../rtl/include/CRC32_D8.v'.
Back to file '../rtl/verilog/tx_enqueue.v'.
Parsing included file '../rtl/include/utils.v'.
Back to file '../rtl/verilog/tx_enqueue.v'.
Parsing design file '../rtl/verilog/tx_hold_fifo.v'
Parsing included file '../rtl/include/defines.v'.
Back to file '../rtl/verilog/tx_hold_fifo.v'.
Parsing design file '../rtl/verilog/wishbone_if.v'
Parsing included file '../rtl/include/defines.v'.
Back to file '../rtl/verilog/wishbone_if.v'.
Parsing design file '../rtl/verilog/xge_mac.v'
Parsing included file '../rtl/include/defines.v'.
Back to file '../rtl/verilog/xge_mac.v'.
Parsing design file '../testbench/testcase.sv'
Parsing included file '../testbench/testclass.sv'.
Parsing included file '../testbench/env.sv'.
Parsing included file '../testbench/rx_agent.sv'.
Parsing included file '../testbench/rx_monitor.sv'.
Parsing included file '../testbench/packet.sv'.
Back to file '../testbench/rx_monitor.sv'.
Back to file '../testbench/rx_agent.sv'.
Parsing included file '../testbench/reset_item.sv'.
Back to file '../testbench/rx_agent.sv'.
Back to file '../testbench/env.sv'.
Parsing included file '../testbench/tx_agent.sv'.
Parsing included file '../testbench/tx_driver.sv'.
Parsing included file '../testbench/packet_sequence.sv'.
Parsing included file '../testbench/packet.sv'.
Back to file '../testbench/packet_sequence.sv'.
Back to file '../testbench/tx_driver.sv'.
Back to file '../testbench/tx_agent.sv'.
Parsing included file '../testbench/tx_monitor.sv'.
Parsing included file '../testbench/packet_sequence.sv'.
Back to file '../testbench/tx_monitor.sv'.
Back to file '../testbench/tx_agent.sv'.
Back to file '../testbench/env.sv'.
Parsing included file '../testbench/reset_agent.sv'.
Parsing included file '../testbench/reset_driver.sv'.
Back to file '../testbench/reset_agent.sv'.
Back to file '../testbench/env.sv'.
Parsing included file '../testbench/wishbone_agent.sv'.
Parsing included file '../testbench/wishbone_driver.sv'.
Parsing included file '../testbench/wishbone_sequence.sv'.
Parsing included file '../testbench/wishbone_item.sv'.
Back to file '../testbench/wishbone_sequence.sv'.
Back to file '../testbench/wishbone_driver.sv'.
Parsing included file '../testbench/wishbone_item.sv'.
Back to file '../testbench/wishbone_driver.sv'.
Back to file '../testbench/wishbone_agent.sv'.
Back to file '../testbench/env.sv'.
Parsing included file '../testbench/scoreboard.sv'.
Parsing included file '../testbench/packet.sv'.
Back to file '../testbench/scoreboard.sv'.
Back to file '../testbench/env.sv'.
Back to file '../testbench/testclass.sv'.
Parsing included file '../testbench/packet_sequence.sv'.
Back to file '../testbench/testclass.sv'.
Parsing included file '../testbench/reset_sequence.sv'.
Parsing included file '../testbench/reset_item.sv'.
Back to file '../testbench/reset_sequence.sv'.
Back to file '../testbench/testclass.sv'.
Parsing included file '../testbench/wishbone_sequence.sv'.
Back to file '../testbench/testclass.sv'.
Parsing included file '../testbench/virtual_sequencer.sv'.
Back to file '../testbench/testclass.sv'.
Parsing included file '../testbench/virtual_sequence.sv'.
Parsing included file '../testbench/virtual_sequencer.sv'.
Back to file '../testbench/virtual_sequence.sv'.
Parsing included file '../testbench/reset_sequence.sv'.
Back to file '../testbench/virtual_sequence.sv'.
Parsing included file '../testbench/packet_sequence.sv'.
Back to file '../testbench/virtual_sequence.sv'.
Parsing included file '../testbench/wishbone_sequence.sv'.
Back to file '../testbench/virtual_sequence.sv'.
Back to file '../testbench/testclass.sv'.
Back to file '../testbench/testcase.sv'.
Parsing included file '../testbench/test_lib.svh'.
Parsing included file '../testcases/test_loopback.sv'.
Back to file '../testbench/test_lib.svh'.
Parsing included file '../testcases/test_small_packet.sv'.
Back to file '../testbench/test_lib.svh'.
Parsing included file '../testcases/test_large_packet.sv'.
Back to file '../testbench/test_lib.svh'.
Back to file '../testbench/testcase.sv'.
Parsing design file '../testbench/testclass.sv'
Parsing design file '../testbench/xge_mac_tb_top.sv'
Parsing included file '../testbench/tasks.sv'.
Back to file '../testbench/xge_mac_tb_top.sv'.
Parsing design file '../testbench/xge_mac_interface.sv'
Top Level Modules:
       xge_mac_tb_top
No TimeScale specified

Warning-[ICPD_PCA_W] Illegal combination of drivers
../testbench/xge_mac_interface.sv, 19
  Illegal combination of procedural drivers
  Variable "xgmii_rxd" is driven by an invalid combination of procedural 
  drivers. Variables associated with output or inout clockvar cannot be 
  written to by procedural continuous assignment statements.
  This variable is declared at "../testbench/xge_mac_interface.sv", 19: logic 
  [63:0] xgmii_rxd;
  The first driver is at "../testbench/xge_mac_interface.sv", 125: assign 
  xgmii_rxd = xgmii_txd;
  The second driver is at "../testbench/xge_mac_interface.sv", 83: output 
  xgmii_rxd = xgmii_rxd;
  
  This warning will be upgraded to error in future releases
  


Warning-[ICPD_PCA_W] Illegal combination of drivers
../testbench/xge_mac_interface.sv, 21
  Illegal combination of procedural drivers
  Variable "xgmii_rxc" is driven by an invalid combination of procedural 
  drivers. Variables associated with output or inout clockvar cannot be 
  written to by procedural continuous assignment statements.
  This variable is declared at "../testbench/xge_mac_interface.sv", 21: logic 
  [7:0] xgmii_rxc;
  The first driver is at "../testbench/xge_mac_interface.sv", 124: assign 
  xgmii_rxc = xgmii_txc;
  The second driver is at "../testbench/xge_mac_interface.sv", 82: output 
  xgmii_rxc = xgmii_rxc;
  
  This warning will be upgraded to error in future releases
  

Starting vcs inline pass...

14 modules and 0 UDP read.
recompiling package vcs_paramclassrepository
recompiling package uvm_pkg
recompiling package _vcs_msglog
recompiling module fault_sm
recompiling module generic_fifo_ctrl
recompiling module meta_sync_single
recompiling module sync_clk_wb
recompiling module sync_clk_xgmii_tx
recompiling module tx_data_fifo
recompiling module tx_hold_fifo
recompiling module wishbone_if
recompiling module xge_mac
recompiling module xge_mac_tb_top
recompiling module xge_mac_interface
All of 14 modules done
make[1]: Entering directory `/home/sf10273/lab-project-10gEthernetMAC/scripts/csrc' \

rm -f _cuarc*.so _csrc*.so pre_vcsobj_*.so share_vcsobj_*.so
g++ -w  -pipe -DVCS -DUVM_DPI_DO_TYPE_CHECK -fPIC -O -I/usr/synopsys/vcs/U-2023.03-SP2/include \
-c /usr/synopsys/vcs/U-2023.03-SP2//etc/uvm-1.1/dpi/uvm_dpi.cc
if [ -x ../simv ]; then chmod a-x ../simv; fi
g++  -o ../simv      -rdynamic  -Wl,-rpath='$ORIGIN'/simv.daidir -Wl,-rpath=./simv.daidir \
-Wl,-rpath=/usr/synopsys/vcs/U-2023.03-SP2/linux64/lib -L/usr/synopsys/vcs/U-2023.03-SP2/linux64/lib \
-Wl,-rpath-link=./  /usr/lib64/libnuma.so.1 uvm_dpi.o   objs/amcQw_d.o   _13092_archive_1.so \
SIM_l.o      rmapats_mop.o rmapats.o rmar.o rmar_nd.o  rmar_llvm_0_1.o rmar_llvm_0_0.o \
-lvirsim -lerrorinf -lsnpsmalloc -lvfs    -lvcsnew -lsimprofile -luclinative /usr/synopsys/vcs/U-2023.03-SP2/linux64/lib/vcs_tls.o \
-Wl,-whole-archive  -lvcsucli    -Wl,-no-whole-archive       ./../simv.daidir/vc_hdrs.o \
/usr/synopsys/vcs/U-2023.03-SP2/linux64/lib/vcs_save_restore_new.o -ldl  -lc -lm \
-lpthread -ldl 
../simv up to date
make[1]: Leaving directory `/home/sf10273/lab-project-10gEthernetMAC/scripts/csrc' \

CPU time: 6.095 seconds to compile + .382 seconds to elab + .460 seconds to link
